# JRE version: OpenJDK Runtime Environment (8.0_152-b01) (build 1.8.0_152-release-915-b01)
# Java VM: OpenJDK 64-Bit Server VM (25.152-b01 mixed mode windows-amd64 compressed oops)
Heap:
 PSYoungGen      total 104448K, used 31972K [0x00000000e0000000, 0x00000000e7280000, 0x0000000100000000)
  eden space 92160K, 34% used [0x00000000e0000000,0x00000000e1f39138,0x00000000e5a00000)
  from space 12288K, 0% used [0x00000000e5a80000,0x00000000e5a80000,0x00000000e6680000)
  to   space 10752K, 0% used [0x00000000e6800000,0x00000000e6800000,0x00000000e7280000)
 ParOldGen       total 81920K, used 16481K [0x00000000a0000000, 0x00000000a5000000, 0x00000000e0000000)
  object space 81920K, 20% used [0x00000000a0000000,0x00000000a1018630,0x00000000a5000000)
 Metaspace       used 39024K, capacity 40086K, committed 40320K, reserved 1083392K
  class space    used 5304K, capacity 5638K, committed 5760K, reserved 1048576K
GC Heap History (10 events):
Event: 4.336 GC heap before
{Heap before GC invocations=7 (full 1):
 PSYoungGen      total 71680K, used 66560K [0x00000000e0000000, 0x00000000e4b00000, 0x0000000100000000)
  eden space 66560K, 100% used [0x00000000e0000000,0x00000000e4100000,0x00000000e4100000)
  from space 5120K, 0% used [0x00000000e4100000,0x00000000e4100000,0x00000000e4600000)
  to   space 5120K, 0% used [0x00000000e4600000,0x00000000e4600000,0x00000000e4b00000)
 ParOldGen       total 61440K, used 8404K [0x00000000a0000000, 0x00000000a3c00000, 0x00000000e0000000)
  object space 61440K, 13% used [0x00000000a0000000,0x00000000a08353d0,0x00000000a3c00000)
 Metaspace       used 26132K, capacity 26628K, committed 26880K, reserved 1073152K
  class space    used 3642K, capacity 3815K, committed 3840K, reserved 1048576K
Event: 4.343 GC heap after
Heap after GC invocations=7 (full 1):
 PSYoungGen      total 67072K, used 5097K [0x00000000e0000000, 0x00000000e7780000, 0x0000000100000000)
  eden space 61952K, 0% used [0x00000000e0000000,0x00000000e0000000,0x00000000e3c80000)
  from space 5120K, 99% used [0x00000000e4600000,0x00000000e4afa4c8,0x00000000e4b00000)
  to   space 9728K, 0% used [0x00000000e3c80000,0x00000000e3c80000,0x00000000e4600000)
 ParOldGen       total 61440K, used 10510K [0x00000000a0000000, 0x00000000a3c00000, 0x00000000e0000000)
  object space 61440K, 17% used [0x00000000a0000000,0x00000000a0a43ab8,0x00000000a3c00000)
 Metaspace       used 26132K, capacity 26628K, committed 26880K, reserved 1073152K
  class space    used 3642K, capacity 3815K, committed 3840K, reserved 1048576K
}
Event: 5.018 GC heap before
{Heap before GC invocations=8 (full 1):
 PSYoungGen      total 67072K, used 67049K [0x00000000e0000000, 0x00000000e7780000, 0x0000000100000000)
  eden space 61952K, 100% used [0x00000000e0000000,0x00000000e3c80000,0x00000000e3c80000)
  from space 5120K, 99% used [0x00000000e4600000,0x00000000e4afa4c8,0x00000000e4b00000)
  to   space 9728K, 0% used [0x00000000e3c80000,0x00000000e3c80000,0x00000000e4600000)
 ParOldGen       total 61440K, used 10510K [0x00000000a0000000, 0x00000000a3c00000, 0x00000000e0000000)
  object space 61440K, 17% used [0x00000000a0000000,0x00000000a0a43ab8,0x00000000a3c00000)
 Metaspace       used 30219K, capacity 31028K, committed 31232K, reserved 1075200K
  class space    used 4263K, capacity 4493K, committed 4608K, reserved 1048576K
Event: 5.024 GC heap after
Heap after GC invocations=8 (full 1):
 PSYoungGen      total 71680K, used 9702K [0x00000000e0000000, 0x00000000e7300000, 0x0000000100000000)
  eden space 61952K, 0% used [0x00000000e0000000,0x00000000e0000000,0x00000000e3c80000)
  from space 9728K, 99% used [0x00000000e3c80000,0x00000000e45f9bd8,0x00000000e4600000)
  to   space 11264K, 0% used [0x00000000e6800000,0x00000000e6800000,0x00000000e7300000)
 ParOldGen       total 61440K, used 10983K [0x00000000a0000000, 0x00000000a3c00000, 0x00000000e0000000)
  object space 61440K, 17% used [0x00000000a0000000,0x00000000a0ab9f40,0x00000000a3c00000)
 Metaspace       used 30219K, capacity 31028K, committed 31232K, reserved 1075200K
  class space    used 4263K, capacity 4493K, committed 4608K, reserved 1048576K
}
Event: 7.648 GC heap before
{Heap before GC invocations=9 (full 1):
 PSYoungGen      total 71680K, used 71654K [0x00000000e0000000, 0x00000000e7300000, 0x0000000100000000)
  eden space 61952K, 100% used [0x00000000e0000000,0x00000000e3c80000,0x00000000e3c80000)
  from space 9728K, 99% used [0x00000000e3c80000,0x00000000e45f9bd8,0x00000000e4600000)
  to   space 11264K, 0% used [0x00000000e6800000,0x00000000e6800000,0x00000000e7300000)
 ParOldGen       total 61440K, used 10983K [0x00000000a0000000, 0x00000000a3c00000, 0x00000000e0000000)
  object space 61440K, 17% used [0x00000000a0000000,0x00000000a0ab9f40,0x00000000a3c00000)
 Metaspace       used 33653K, capacity 34644K, committed 34944K, reserved 1079296K
  class space    used 4619K, capacity 4930K, committed 4992K, reserved 1048576K
Event: 7.656 GC heap after
Heap after GC invocations=9 (full 1):
 PSYoungGen      total 102912K, used 10412K [0x00000000e0000000, 0x00000000e7280000, 0x0000000100000000)
  eden space 92160K, 0% used [0x00000000e0000000,0x00000000e0000000,0x00000000e5a00000)
  from space 10752K, 96% used [0x00000000e6800000,0x00000000e722b0f8,0x00000000e7280000)
  to   space 12288K, 0% used [0x00000000e5a80000,0x00000000e5a80000,0x00000000e6680000)
 ParOldGen       total 61440K, used 11055K [0x00000000a0000000, 0x00000000a3c00000, 0x00000000e0000000)
  object space 61440K, 17% used [0x00000000a0000000,0x00000000a0acbf50,0x00000000a3c00000)
 Metaspace       used 33653K, capacity 34644K, committed 34944K, reserved 1079296K
  class space    used 4619K, capacity 4930K, committed 4992K, reserved 1048576K
}
Event: 7.715 GC heap before
{Heap before GC invocations=10 (full 1):
 PSYoungGen      total 102912K, used 15410K [0x00000000e0000000, 0x00000000e7280000, 0x0000000100000000)
  eden space 92160K, 5% used [0x00000000e0000000,0x00000000e04e17d0,0x00000000e5a00000)
  from space 10752K, 96% used [0x00000000e6800000,0x00000000e722b0f8,0x00000000e7280000)
  to   space 12288K, 0% used [0x00000000e5a80000,0x00000000e5a80000,0x00000000e6680000)
 ParOldGen       total 61440K, used 11055K [0x00000000a0000000, 0x00000000a3c00000, 0x00000000e0000000)
  object space 61440K, 17% used [0x00000000a0000000,0x00000000a0acbf50,0x00000000a3c00000)
 Metaspace       used 34372K, capacity 35300K, committed 35416K, reserved 1079296K
  class space    used 4720K, capacity 5046K, committed 5120K, reserved 1048576K
Event: 7.722 GC heap after
Heap after GC invocations=10 (full 1):
 PSYoungGen      total 104448K, used 9673K [0x00000000e0000000, 0x00000000e7280000, 0x0000000100000000)
  eden space 92160K, 0% used [0x00000000e0000000,0x00000000e0000000,0x00000000e5a00000)
  from space 12288K, 78% used [0x00000000e5a80000,0x00000000e63f2400,0x00000000e6680000)
  to   space 10752K, 0% used [0x00000000e6800000,0x00000000e6800000,0x00000000e7280000)
 ParOldGen       total 61440K, used 11063K [0x00000000a0000000, 0x00000000a3c00000, 0x00000000e0000000)
  object space 61440K, 18% used [0x00000000a0000000,0x00000000a0acdf50,0x00000000a3c00000)
 Metaspace       used 34372K, capacity 35300K, committed 35416K, reserved 1079296K
  class space    used 4720K, capacity 5046K, committed 5120K, reserved 1048576K
}
Event: 7.722 GC heap before
{Heap before GC invocations=11 (full 2):
 PSYoungGen      total 104448K, used 9673K [0x00000000e0000000, 0x00000000e7280000, 0x0000000100000000)
  eden space 92160K, 0% used [0x00000000e0000000,0x00000000e0000000,0x00000000e5a00000)
  from space 12288K, 78% used [0x00000000e5a80000,0x00000000e63f2400,0x00000000e6680000)
  to   space 10752K, 0% used [0x00000000e6800000,0x00000000e6800000,0x00000000e7280000)
 ParOldGen       total 61440K, used 11063K [0x00000000a0000000, 0x00000000a3c00000, 0x00000000e0000000)
  object space 61440K, 18% used [0x00000000a0000000,0x00000000a0acdf50,0x00000000a3c00000)
 Metaspace       used 34372K, capacity 35300K, committed 35416K, reserved 1079296K
  class space    used 4720K, capacity 5046K, committed 5120K, reserved 1048576K
Event: 7.778 GC heap after
Heap after GC invocations=11 (full 2):
 PSYoungGen      total 104448K, used 0K [0x00000000e0000000, 0x00000000e7280000, 0x0000000100000000)
  eden space 92160K, 0% used [0x00000000e0000000,0x00000000e0000000,0x00000000e5a00000)
  from space 12288K, 0% used [0x00000000e5a80000,0x00000000e5a80000,0x00000000e6680000)
  to   space 10752K, 0% used [0x00000000e6800000,0x00000000e6800000,0x00000000e7280000)
 ParOldGen       total 81920K, used 16481K [0x00000000a0000000, 0x00000000a5000000, 0x00000000e0000000)
  object space 81920K, 20% used [0x00000000a0000000,0x00000000a1018630,0x00000000a5000000)
 Metaspace       used 34372K, capacity 35300K, committed 35416K, reserved 1079296K
  class space    used 4720K, capacity 5046K, committed 5120K, reserved 1048576K
}

